INSERT INTO supplier VALUES(NULL, "Xavierville 3 Clubhouse", "UPSI Holdings Inc.", "Rosa Alvero Street, Xavierville Phase 3 Subdivision, Loyola Heights., Quezon City", "426-7132", "x3hai@yahoo.com", "https://www.facebook.com/Xavierville-III-Clubhouse-445268538823192/", "", "Accepted", NULL, NULL, NOW(), NOW(), 1, "Cozeth Garcia");
INSERT INTO supplier VALUES(NULL, "The Pearl Manila Hotel", "", "1155 General Luna St. Corner Taft & United Nations Ave., Ermita Manila", "4100-0088 loc. 2012/3001", "reservation.pearl manila@gmail.com", "https://www.facebook.com/The-Pearl-Manila-Hotel-Philippines/", "", "Accepted", NULL, NULL, NOW(), NOW(), 1, "Cristine May Feliciano");
INSERT INTO supplier VALUES(NULL, "Renaissance Convention Center", "Riverbanks Development Corporation", "Riverbanks Center, 84A. Bonofacio Ave, Brgy. Barangka, Marikina City", "570-0701 loc 342/5711976", "mccastronuevo@riverbankscenter.com", "https://www.facebook.com/renaissanceconventioncenter", "", "Accepted", NULL, NULL, NOW(), NOW(), 1, "May Abigail Catronuevo");
INSERT INTO supplier VALUES(NULL, "Boso-Boso Highlands", "Semar Realty Development Corp.", "Sitio Cabading Brgy,San Jose Antipolo City", "426-0795/401-7535/505-8761", "paradisehotel.bbhrcc@gmail.com", "https://www.facebook.com/bosoboso", "", "Accepted", NULL, NULL, NOW(), NOW(), 1, "Hope Cris Nollan");
INSERT INTO supplier VALUES(NULL, "Shercon Resort and Ecology Park", "", "Brgy. San Sebastian Mataas na Kahoy,Batangas City", "(043) 703-0002/(043) 774-9439", "sherconresort.ecologypark@yahoo.com", "https://www.facebook.com/stcaraan.1204/", "", "Accepted", NULL, NULL, NOW(), NOW(), 1, "");
INSERT INTO supplier VALUES(NULL, "Decagon Silver City", "Decagon Silver City", "Frontera Verde Drive Cor. Julia Vargas Ave. 1605 Pasig City", "721-0572", "info@tiendesitas.com.ph", "https://www.facebook.com/DecagonSilverCity/", "", "Accepted", NULL, NULL, NOW(), NOW(), 1, "Jawo Rubio");
INSERT INTO supplier VALUES(NULL, "La Mesa Eco Park", "La Mesa Eco Park", "La Mesa Dam Compound,Greater Lagro Quezon City", "(02) 430-4051/(02) 430-5207", "", "https://www.facebook.com/LaMesaEcopark", "", "Accepted", NULL, NULL, NOW(), NOW(), 1, "Randy Castro");
INSERT INTO supplier VALUES(NULL, "Avilon Zoo", "Avilon Wildlife Conservation Foundation", "9003 GP Sitio Gulod,San Isidro 1860 Rodriguez Rizal,Phil.", "948-3986/948-9866", "avilonzoo@gmail.com", "https://www.facebook.com/Avilon-Zoo-307604837009/", "", "Accepted", NULL, NULL, NOW(), NOW(), 1, "Rio Miere");
INSERT INTO supplier VALUES(NULL, "Loyola Grand Villas", "Loyola Grand Villa Homeowners Association, Inc.", "LGV Community Center,Columbia St. Loyola Grand Villas, Quzon City", "920-7274/435-5036/433-9490", "admin@loyolagrandvilla.com", "https://www.facebook.com/loyola.villas", "", "Accepted", NULL, NULL, NOW(), NOW(), 1, "Ms. Nora");
INSERT INTO supplier VALUES(NULL, "Costales Nature Farms", "", "Brgy. Gagalot,Majayjay,Laguna", "(049) 576-3824", "inquiries@costalesnaturefarms.com", "https://www.facebook.com/costalesnaturefarms/", "", "Accepted", NULL, NULL, NOW(), NOW(), 1, "Michelle Vito");
INSERT INTO supplier VALUES(NULL, "Cattleya Resort", "Corazon Benito", "Colaique,Sitio Ibabaw,Bo. San Roque Antipolo City", "697-0769/6965839", "vsbenito@yahoo.com.ph", "https://www.facebook.com/cattleyaresort/", "", "Accepted", NULL, NULL, NOW(), NOW(), 1, "Vicente S. Benito");
INSERT INTO supplier VALUES(NULL, "The Circle Events Place", "Delani Realty Inc.", "1 Timog Avenue Quezon City", "372-0848/3720799", "info@circleeventsplace.com", "", "", "Accepted", NULL, NULL, NOW(), NOW(), 1, "Set Jiyaw");
INSERT INTO supplier VALUES(NULL, "Ayala Hillside Estates", "Ayala Hillside Estates", "#7 Hogan St. Quezon City", "901-8791 to 92", "", "", "", "Accepted", NULL, NULL, NOW(), NOW(), 1, "Manilyn Geva");
INSERT INTO supplier VALUES(NULL, "38 Valencia Events Place", "Regal Entertainment", "#38 Valencia St. Brgy. Valencia New Manila,Quezon City", "724-8050/215-4378", "38valenciaeventsplace.info@gmail.com", "", "", "Accepted", NULL, NULL, NOW(), NOW(), 1, "Roan Costales");
INSERT INTO supplier VALUES(NULL, "Green Nature Resort", "Green Nature Resort", "Upper Patils Brgy. Gulnayang,San Mateo Rizal", "584-8789/584-8830", "greennatureresort.ph@gmail.com", "http://www.ilovegreennature.com", "", "Accepted", NULL, NULL, NOW(), NOW(), 1, "Jane Ferreras");
INSERT INTO supplier VALUES(NULL, "Shercon Valley Resort", "Traveler Lodge & Recreation", "Sitio Lanai, Brgy. Plaza Aldea,Tanay, Rizal", "622-0438", "sacramento_valley_resort@yahoo.com", "", "", "Accepted", NULL, NULL, NOW(), NOW(), 1, "Sheld Galicia");
INSERT INTO supplier VALUES(NULL, "Marriott Hotel Manila", "Traveler Hotel Group Inc.", "10 Newport Boulevard,Newport City Complex Pasay City Manila", "988-9999", "alaine.inawat@marriott.com", "https://www.facebook.com/marriotthotelmanila/", "", "Accepted", NULL, NULL, NOW(), NOW(), 1, "Alaine Inawat");
INSERT INTO supplier VALUES(NULL, "Ayala Land Inc.", "", "Seda Bonifacio Global City Taguig, Lane P.Taguig Metro Manila", "908-3000", "", "https://www.facebook.com/officialayalaland", "", "Accepted", NULL, NULL, NOW(), NOW(), 1, "");
INSERT INTO supplier VALUES(NULL, "Botolan Point Beach", "", "Binoclutan,Botolan, Zambales", "747-4718/0918-9301041", "esencarnacion@yahoo.com", "https://www.facebook.com/Botolan-Point-Beach/", "", "Accepted", NULL, NULL, NOW(), NOW(), 1, "Ms. Marilen");
INSERT INTO supplier VALUES(NULL, "Caliraya Resort Club Inc.", "Caliraya Resort Club Inc.", "Brgy.Lawin Lumban Laguna", "632-1111/632-1010", "reservations.crc@sfc.com.ph", "https://www.facebook.com/CalirayaResortClub/", "", "Accepted", NULL, NULL, NOW(), NOW(), 1, "Althea Azurin");
INSERT INTO supplier VALUES(NULL, "Camp Explore,Inc.", "", "Mount Purro Nature Calawis Antipolo City", "0998-5332765", "campexplore@gmail.com", "https://www.facebook.com/campexplore/", "", "Accepted", NULL, NULL, NOW(), NOW(), 1, "");
INSERT INTO supplier VALUES(NULL, "Center for Community Transformation, Inc.", "The CCT Group of Ministries", "5/F Joshua Center,1428 Taft Avenue, Ermita Manila", "524-1819/524-1810/524-1835", "ho@cct.org.ph", "http://www.facebook.com/cctgroupofministries", "", "Accepted", NULL, NULL, NOW(), NOW(), 1, "");
INSERT INTO supplier VALUES(NULL, "Cloud 9 Sports and Leisure Club,Inc.", "Cloud 9 Sports and Leisure Club, Inc.", "Brgy. Sta Cruz,Sumulong Highway Antipo City", "0920-4411806/0917-5016776/400-4003", "limabetamama@gmail.com", "fb.com/Cloud9antipolo", "", "Accepted", NULL, NULL, NOW(), NOW(), 1, "Loida Magaro");
INSERT INTO supplier VALUES(NULL, "Guillean's Place Swimming Pool", "Guillean's Place", "Bonanza Ave,Ponderosa Heights,Brgy. San Roque Antipolo City", "239-0969/0933-4825579", "", "", "", "Accepted", NULL, NULL, NOW(), NOW(), 1, "Lynn Caraig");
INSERT INTO supplier VALUES(NULL, "Institute of Social Order", "", "ISO Complex, Ateneo Campus Loyola Heights Quezon City", "426-6134 loc 4836", "isoritd@yahoo.com", "https://www.facebook.com/pg/ISO.CBCRM/about/", "", "Accepted", NULL, NULL, NOW(), NOW(), 1, "");
INSERT INTO supplier VALUES(NULL, "MMLDC Foundation Inc.", "First Pacific Leadership Company", "Km 27 Sumulong Hi-Way,Antipolo City Rizal", "632-8111 loc 314", "ctpena@fpacademy.net", "https://www.facebook.com/FPLeadershipAcademy/", "", "Accepted", NULL, NULL, NOW(), NOW(), 1, "Marcia Cabrillos");
INSERT INTO supplier VALUES(NULL, "Riverview Resort & Conference Center", "", "National Highway,Parian Calamba City,Laguna", "(049) 545-3421/420-8507/893-5074/893-5075", "ira.riverviewresort@gmail.com/riverview.resort@yahoo.com", "https://www.facebook.com/pg/Riverview-Resort-Conference-Center/", "", "Accepted", NULL, NULL, NOW(), NOW(), 1, "");
INSERT INTO supplier VALUES(NULL, "Tagaste Retreat House/Cong. Of the Augustinian Recollect Sisters", "", "Magallanes Drive,Silang Crossing West,Tagaytay City 4120", "(046) 483-1561/0915-8493693", "", "http://facebook.com/tagaste.retreathouse/", "", "Accepted", NULL, NULL, NOW(), NOW(), 1, "");
INSERT INTO supplier VALUES(NULL, "The First Villa Cristina Hotel & Resort, Inc.", "", "Tatak Road,Antipolo City", "697-4521", "cristinavillashotel@gmail.com", "https://www.facebook.com/cristinavillas/", "", "Accepted", NULL, NULL, NOW(), NOW(), 1, "Precy Buenviaje");
INSERT INTO supplier VALUES(NULL, "55 Events Place, Inc.", "55 Events Place,Inc.", "No. 55 Scout Rallos St. Quezon City", "371-4435", "fiftyfiveeventsplace@yahoo.com", "https://www.facebook.com/pages/55-Event-Place-Scout-Rallos/", "", "Accepted", NULL, NULL, NOW(), NOW(), 1, "Diana Tejada");
INSERT INTO supplier VALUES(NULL, "Aim Scientific Research Foundation,Inc.", "", "Eugenio Lopez Foundation Bldg. Joseph R. Micmicking Campus ", "892-4011", "", "", "", "Accepted", NULL, NULL, NOW(), NOW(), 1, "");
INSERT INTO supplier VALUES(NULL, "Momarco Resort", "", "Plaza Aldea, Tanay Rizal", "427-4476", "reservations@momarcoresort.com", "https://www.facebook.com/pg/momarcoresortandhotel/", "", "Accepted", NULL, NULL, NOW(), NOW(), 1, "");
INSERT INTO supplier VALUES(NULL, "Music Box Sing Along Bar", "", "No. 1 Timog Avenue Quezon City", "0920-9227603", "dddiosjr@yahoo.com", "https://www.facebook.com/pg/musicboxtimog/", "", "Accepted", NULL, NULL, NOW(), NOW(), 1, "");
INSERT INTO supplier VALUES(NULL, "Timberland", "", "Timberland Heights,San Mateo Rizal", "793-5790", "banquetsales@timberlandclub.com", "https://www.facebook.com/pg/timberland/", "", "Accepted", NULL, NULL, NOW(), NOW(), 1, "");
INSERT INTO supplier VALUES(NULL, "Cristina Villa Resort", "Cristina Villa Resort", "Antipolo", "697-4521 TO 25", "cristina-villas@yahoo.com", "https://www.facebook.com/pg/Cristina-Villa-Mountain-Resort-and-Hotel/", "", "Accepted", NULL, NULL, NOW(), NOW(), 1, "");
INSERT INTO supplier VALUES(NULL, "Villa Lorenza Resort", "", "Pililia, Rizal", "9977916/0921-5340147", "fediaz71859@gmail.com", "https://www.facebook.com/Villa-Lorenza-Resort/", "", "Accepted", NULL, NULL, NOW(), NOW(), 1, "Fe Diaz");
INSERT INTO supplier VALUES(NULL, "World Citi Leisures, Inc.-Alta Roca", "World Citi Leisures Inc.", "960 Aurora Blvd. Bagumabayan Quezon City", "913-8380 loc 312", "marketing@worldcitileisures.com", "https://www.facebook.com/altaroca.resort/", "", "Accepted", NULL, NULL, NOW(), NOW(), 1, "Dinia Hipolito");
INSERT INTO supplier VALUES(NULL, "Ayala Land, Inc.", "Caliraya Resort Club Inc.", "Ayala Ave, Makati City", "752-7970", "", "", "", "Accepted", NULL, NULL, NOW(), NOW(), 1, "");
INSERT INTO supplier VALUES(NULL, "Botolan Point Beach", "Botolan Point Beach", "Binoclutan, Botolan,Zambales", "747-4718/0918-9301041", "esencarnacion@yahoo.com", "https://www.facebook.com/pg/botolanpointbeachzambales/", "", "Accepted", NULL, NULL, NOW(), NOW(), 1, "Marilen Encarnacion");
INSERT INTO supplier VALUES(NULL, "Angels Hills Retreat and Formation Center", "", "Amoldus Rd. Brgy Maitim II East, Emilio Aguinaldo Hi Way, Tagaytay City", "(046)413-2501/413-2501  to 02", "reservations@angelshills.com.ph", "https://www.facebook.com/pages/Angels-Hills-Retreat-House/", "", "Accepted", NULL, NULL, NOW(), NOW(), 1, "Monette Palo/Lorelyn Olegario");
INSERT INTO supplier VALUES(NULL, "The Good Farm", "", "Sitio Paligawan, Brgy. Aya, San Jose, Batangas", "", "", "", "", "Accepted", NULL, NULL, NOW(), NOW(), 1, "");
INSERT INTO supplier VALUES(NULL, "Phillip's Sanctuary", "", "Pestano Farm Road,Antipolo", "738-1375/435-2866", "info@phillips-sanctuary.com", "https://www.facebook.com/pg/phillips.sanctuary/about/", "", "Accepted", NULL, NULL, NOW(), NOW(), 1, "");
INSERT INTO supplier VALUES(NULL, "Mirador Jesuit Villa Retreat House and Society of Jesus", "Mirador Jesuit Villa Retreat House, Inc.", "Mirador Hill, 2600 Baguio City", "(074)300-4789/0906-5701634", "miradorjesuitvilla@gmail.com", "https://www.facebook.com/pages/Mirador-Hill-Baguio-City/about/", "", "Accepted", NULL, NULL, NOW(), NOW(), 1, "Diane Lopez");
INSERT INTO supplier VALUES(NULL, "BakasyunanResort and Conference Center", "", "Sitio Balimbing, Brgy. Plaza Aldea, Tanay, Rizal", "440-8802/7064509/881-4515/09175755120", "bakasyunantanay@gmail.com", "https://www.facebook.com/BakasyunanResortTanay/", "", "Accepted", NULL, NULL, NOW(), NOW(), 1, "");
INSERT INTO supplier VALUES(NULL, "Notre Dame de Vie Retreat House", "", "123 Susano Road, Barangay San Agustin, Novaliches 1117, Quezon City", "936-8612", "ndvretreathouse@yahoo.com/ndvrhinc2011@gmail.com", "", "", "Accepted", NULL, NULL, NOW(), NOW(), 1, "Ms. Amie");
INSERT INTO supplier VALUES(NULL, "Bukal Ng Tipan", "", "CICM Maryhill Compund, Rd. to Antipolo, Km. 22, Taytay, Rizal", "658-5064 or 706-7066", "cicmbukalgem@gmail.com or bukalngtipancicm@gmail.com", "", "", "Accepted", NULL, NULL, NOW(), NOW(), 1, "Ms. Jennifer Dela Pe単a");
INSERT INTO supplier VALUES(NULL, "Abagatan ti Manila", "", "9021 Kaytitinga Road, Amuyong Alfonso, Cavite", "0917-8554446/0920-9577351", "sales@abagatanhotels.com or events@abagatanhotels.com", "", "", "Accepted", NULL, NULL, NOW(), NOW(), 1, "Ms. Roselle Gonzales");
INSERT INTO supplier VALUES(NULL, "Laiya White Cove Beach Resort", "", "112 Laiya San Juan, Batangas", "871-1235/0949-9355246/0905-285047", "laiyawhitecovebat@yahoo.com", "", "", "Accepted", NULL, NULL, NOW(), NOW(), 1, "Donn Linn");
INSERT INTO supplier VALUES(NULL, "Cintai Corito's Garden", "Coritos Garden Inc.", "", "0977-6897044", "cintaisalescoordinator@gmail.com", "", "", "Accepted", NULL, NULL, NOW(), NOW(), 1, "Jam Bernabe");
INSERT INTO supplier VALUES(NULL, "Mt Makiling Re-Creation Center", "Re-Creation Harvest Inc.", "Brgy. San Bartolome Santo Tomas, Batangas", "0917-8122196", "mmrcreservation@gmail.com", "https://www.facebook.com/mtmakilingrecreationcenter/", "", "Accepted", NULL, NULL, NOW(), NOW(), 1, "Rebecca Amador");
INSERT INTO supplier VALUES(NULL, "All Premium Balloons & Party Needs Corp.", "All Premium Balloons & Party Needs Corp.", "63A Matahimik St., Brgy. Malaya, Quezon City", "927-6960", "http://Allpremiumtents.powersitesPh/", "https://www.facebook.com/AllPremiumTentAirconRentalPartyNeeds/", "", "Accepted", NULL, NULL, NOW(), NOW(), 2, "Arlyn Delfin");
INSERT INTO supplier VALUES(NULL, "JB Toy Balloons & Party Needs", "", "1688 Evangelista St. bangkal Makati City", "843-1960", "jbtoyballoons@yahoo.com", "", "", "Accepted", NULL, NULL, NOW(), NOW(), 2, "");
INSERT INTO supplier VALUES(NULL, "Angels Party Services", "Angels Party Serives", "Murphy,Quezon City", "912-8234", "", "", "", "Accepted", NULL, NULL, NOW(), NOW(), 2, "Mario Sta. Maria");
INSERT INTO supplier VALUES(NULL, "KCAS Balloon Works and Party Needs", "cash only", "E Rodriguez Sr. Avenue Quezon City", "411-5227/411-4327", "kcas_baloons@yahoo.com", "https://www.facebook.com/Kcas-Balloon-Works-and-Party-Needs/", "", "Accepted", NULL, NULL, NOW(), NOW(), 2, "Jomes Monticillo");
INSERT INTO supplier VALUES(NULL, "Wellworth Balloons and Party Needs", "Wellworth Balloon and Party Needs", "#44 Villa Ortigas 2, Granada St. Quezon City", "724-1736/724-4687", "events_rose@yahoo.com", "https://www.facebook.com@wellworthparty", "", "Accepted", NULL, NULL, NOW(), NOW(), 2, "Rose Uy");
INSERT INTO supplier VALUES(NULL, "Khikay's Balloons & Party Needs", "Khikay's Toy's & Balloons", "135 C. Benitez St. Cubao Quezon City", "723-3223/0998-9833475", "rubysotolombo@yahoo.com/ajeffsotolombo@yahoo.com", "https://www.facebook.com/Khikay's-Balloon-and-Party-Needs/", "", "Accepted", NULL, NULL, NOW(), NOW(), 2, "Ruby Sotolombo");
INSERT INTO supplier VALUES(NULL, "Bing Balloon & All Party Needs", "Bing Balloon & All Party Needs", "145A 16th Avenue East Rembo Makati City", "882-4196/757-2212/775-3951/0922-9696416", "bingballoons@hotmail.com", "https://www.facebook.com/pg/Bing-Balloon-and-all-Party-Needs/", "", "Accepted", NULL, NULL, NOW(), NOW(), 2, "Sabino Go");
INSERT INTO supplier VALUES(NULL, "JCE Inflatables and Party Needs", "JCE Inflatables and Party Needs", "#16 Jasper St. Casa Filipina, Sucat Para単aque", "825-4367/542-4428/775-7121", "jceinflatables@gmail.com", "https://www.facebook.com/pg/jceeventrentals/", "", "Accepted", NULL, NULL, NOW(), NOW(), 2, "Alynna So");
INSERT INTO supplier VALUES(NULL, "Art Angels Printshop", "Art Angel Printshop Commercial Quests Inc.", "71 P. Burgos St., Project 4, Quezon City", "961-3417/442-6294", "info@artangelprintshop.com", "http://facebook/artangelprintshop", "", "Accepted", NULL, NULL, NOW(), NOW(), 3, "Sheryl Dela Cruz");
INSERT INTO supplier VALUES(NULL, "Central Book Supply,Inc.", "", "2/F Phoenix Bldg. 927 Quezon Avenue Quezon City", "733-1936", "centralbooks.sales@gmail.com", "", "", "Accepted", NULL, NULL, NOW(), NOW(), 3, "");
INSERT INTO supplier VALUES(NULL, "Corces Printing", "Stochastic Printing", "1005 Aurora Blvd. Quezon City", "962-3251/664-2987", "corces_printing@yahoo.com", "", "", "Accepted", NULL, NULL, NOW(), NOW(), 3, "Janice Perizo");
INSERT INTO supplier VALUES(NULL, "Cover and Pages Corporation (Year Book Printing)", "Cover & Pages Corporation", "2763 Silang St., Sta.Ana Manila", "564-7757 to 58", "coverandpages.corporation@gmail.com", "https://www.facebook.com/Cover-and-Pages-Corporation-222303361150767/", "", "Accepted", NULL, NULL, NOW(), NOW(), 3, "Shiela Mae Lelis");
INSERT INTO supplier VALUES(NULL, "GV Ad Ventures,Incorporated", "", "#6 Buenviaje Cor Sikap St. Plainview Subd. Mandaluyong City", "431-9076", "gvadventures@gmail.com", "", "", "Accepted", NULL, NULL, NOW(), NOW(), 3, "");
INSERT INTO supplier VALUES(NULL, "Inkwell Publishing Company,Inc.", "Inkwell Publishing Company,Inc.", "10 SanPablo St, Bo. Kapitolyo, Pasig City", "634-3355 to 56", "inkwellphilippines@gmail.com", "https://www.facebook.com/pages/Inkwell-Publishing-CompanyInc/", "", "Accepted", NULL, NULL, NOW(), NOW(), 3, "Sarah Antonio");
INSERT INTO supplier VALUES(NULL, "Lobster Printing Corporation", "Lobster Printing Corporation", "2214 Advincula St., Pasay City", "831-3393", "lobsterprinting.corp@gmail.com", "", "", "Accepted", NULL, NULL, NOW(), NOW(), 3, "David Lu");
INSERT INTO supplier VALUES(NULL, "LSA Printing Press, Inc.", "LSA Printing Press, Inc.", "888 Edsa, Brgy. Hi way Hills Mandaluyong City", "747-5336/683-0244", "ysapress@gmail.com", "", "", "Accepted", NULL, NULL, NOW(), NOW(), 3, "Luzviminda Pascual");
INSERT INTO supplier VALUES(NULL, "Megaprint Offset & Packaging Corp. (Photocopy Service Only)", "Megaprint Offset & Packaging Corp.", "#168 Palanyag Rd. Dr. A. Santos Ave,Lombos Compound San Dionisio,Paranaque City", "826-3761", "hrmegaprint@gmail.com", "", "", "Accepted", NULL, NULL, NOW(), NOW(), 3, "Rea Caransa");
INSERT INTO supplier VALUES(NULL, "Pastiche Creatives Publishing", "", "24 Gen. Capinpin St., Ortigas Centersan Antonio Village, Pasig City", "634-4040", "-", "", "", "Accepted", NULL, NULL, NOW(), NOW(), 3, "");
INSERT INTO supplier VALUES(NULL, "S point Products, Inc. (Printing)(Planners&Notebook)", "S point Products, Inc.", "02-C L. Cruz St. Cor Shaw Blvd.Mandaluyong City", "5319738, 5339781, 5338252", "nora@spointproducts.com", "", "", "Accepted", NULL, NULL, NOW(), NOW(), 3, "Nora Corpuz");
INSERT INTO supplier VALUES(NULL, "Works of Heart Graphic Design", "", "6-B2 Romulus St,Talon II,BF Resort Village,Las Pinas/Katipunan, Quezon City", "0917-7264521/0927-4363350", "contactus@worksofheartph.com", "https://www.facebook.com/pg/worksofheartph/", "", "Accepted", NULL, NULL, NOW(), NOW(), 3, "");
INSERT INTO supplier VALUES(NULL, "Jab Printing & Imaging Supply", "", "Quezon City", "9194118755", "-", "", "", "Accepted", NULL, NULL, NOW(), NOW(), 3, "");
INSERT INTO supplier VALUES(NULL, "Lexmedia Digital ", "Lexmedia Digital ", "Louie Prieto Press Bldg. 3817 Mascardo St. Makati City", "753-1270/753-4816", "sales@lexmediadigital.ph", "", "", "Accepted", NULL, NULL, NOW(), NOW(), 3, "Allan Punado");
INSERT INTO supplier VALUES(NULL, "24K ADVERTISING", "24K Advertising", "#19 8th Ave, Brgy Socorro,Cubao,Quezon City", "709-2343", "twentyfourk_advertising@yahoo.com.ph", "https://www.facebook.com/24KAdvertising/", "", "Accepted", NULL, NULL, NOW(), NOW(), 3, "Kaye Vargas");
INSERT INTO supplier VALUES(NULL, "Blessings Copy Center & Bookbing Services, Inc.", "Blessings Copy Center & Bookbing Services, Inc.", "UP Diliman,Quezon City", "436-3766", "inquiry@blessingscopycenter.com", "https://www.facebook.com/blessings.copycenter", "", "Accepted", NULL, NULL, NOW(), NOW(), 3, "");
INSERT INTO supplier VALUES(NULL, "Freeform Creative Solutions,Inc.", "Freeform Creative Solutions,Inc.", "2/F FBR Arcade 317 Katipunan Avenue Loyola Heights Quezon City", "433-8741", "freeformcreative@gmail.com; biz.freeform@gmail.com", "http://www.facebook.com/freeformprinting", "", "Accepted", NULL, NULL, NOW(), NOW(), 3, "Marvin Cayabyab");
INSERT INTO supplier VALUES(NULL, "Intermatrix Document Solutions,Inc.", "Intermatrix Document Solutions,Inc.", "Unit G1 Burgundy Place 174 B Gonzales St. Loyola Heights Quezon City", "926-5284", "katipunan@intermatrix.com.ph", "", "", "Accepted", NULL, NULL, NOW(), NOW(), 3, "Sally Amaro/Roman");
INSERT INTO supplier VALUES(NULL, "St. Pio Printing Services", "St. Pio Printing Services", "44 Plaridel St. Galas Quezon City", "505-1035/354-9155", "padrepioprintingservices@gmail.com", "www.facebook.com/padrepioprintingservices", "", "Accepted", NULL, NULL, NOW(), NOW(), 3, "Catherine Fernandez");
INSERT INTO supplier VALUES(NULL, "Getblued Shirts", "Kcube Ebterprises-Getblued Shirts", "2/F Sysu Centre, 145 Panay Ave. Cor Mother Ignacia St. Quezon City", "9177226249", "getbluedshipping@gmail.com", "www.facebook.com/pg/getblued.ateneo/", "", "Accepted", NULL, NULL, NOW(), NOW(), 3, "Kirk Damasco");
INSERT INTO supplier VALUES(NULL, "Metro Shirt, Inc.", "Metro Shirt, Inc.", "596 Juan Luna St., Binondo Manila", "09178331518/708-3545/241-7774", "metro_shirts@yahoo.com.ph", "www.facebook.com/pg/metro.shirt.Inc/", "", "Accepted", NULL, NULL, NOW(), NOW(), 3, "Jr Valdez");
INSERT INTO supplier VALUES(NULL, "Pana Shirt Trading", "Herber Tuisieng ", "493 Juan Luna St. Binondo, Manila", "243-0565", "printingpanazetol@yahoo.com", "", "", "Accepted", NULL, NULL, NOW(), NOW(), 3, "Merly Matsika");
INSERT INTO supplier VALUES(NULL, "DC Prtints & Graphics Services", "DC Prints & Graphics Services", "130B Maryland St., Brgy Immaculate Concepcion,Cubao Quezon City", "413-7531/463-2296/0918-4880020", "emc1208@gmail.com", "http://www.facebook.com/EMC-Graphics-Arts/", "", "Accepted", NULL, NULL, NOW(), NOW(), 3, "Marites Azul");
INSERT INTO supplier VALUES(NULL, "Tees and Prints Enterprise", "Tees and Prints Enterprise", "Unit 9-10 Quedssa Plaza Bldg. Quezon Ave. Corner Edsa Quezon City", "412-3714/0917-5048337", "info@teesandprints.com", "", "http://www.teesandprints.com/", "Accepted", NULL, NULL, NOW(), NOW(), 3, "Danica Estrella");
INSERT INTO supplier VALUES(NULL, "Crystal Image Paper Marketing Corporation ", "Ke Wen Eian", "1561 Fugoso St, Santa Cruz Manila sta. Cruz 1003", "310-9912/0917-8341206", "crystalimage_rachel@yahoo.com", "http://www.facebook.com/crystalimagepapernktgcorp/", "", "Accepted", NULL, NULL, NOW(), NOW(), 3, "Allaine Tabustan");
INSERT INTO supplier VALUES(NULL, "D.I.Y Printing", "D.I.Y Printing", "523 Nueva St. Brgy. 289 Binondo Manila", "241-0872/711-4496", "info@diy.ph", "https://www.facebook.com/diyprinting", "", "Accepted", NULL, NULL, NOW(), NOW(), 3, "James Odensio");
INSERT INTO supplier VALUES(NULL, "Calliope Printing Services (Papers printing)", "Calliope Printing Services ", "148 R. Lagmay St., San Juan", "727-4704/0922-8998858", "sales@calliopeprinting.com", "https://www.facebook.com/calliope-Digital-Printing/", "", "Accepted", NULL, NULL, NOW(), NOW(), 3, "Lyn Galon");
INSERT INTO supplier VALUES(NULL, "AJ Olete Sports Wear", "", "130 A Bonifacio St. Canlalay Bi単an Laguna", "0995-1368458/09498169084/0949-7035465", "len-olete@yahoo.com", "", "", "Accepted", NULL, NULL, NOW(), NOW(), 3, "Len Olete");
INSERT INTO supplier VALUES(NULL, "All Premium Balloons & Party Needs Corp.", "All Premium Balloons & Party Needs Corp.", "63A Matahimik St.,Brgy.Malaya,Quezon City", "426-4274/426-3041/927-6960", "", "https://www.facebook.com/AllPremiumTentAirconRentalPartyNeeds/", "http://Allpremiumtents.powersitesPh/", "Accepted", NULL, NULL, NOW(), NOW(), 4, "");
INSERT INTO supplier VALUES(NULL, "HAP Chiong Company,Inc.", "", "666-680 Gabdara St, Binondo,Manila", "242-9520", "", "", "", "Accepted", NULL, NULL, NOW(), NOW(), 4, "");
INSERT INTO supplier VALUES(NULL, "Hua Seng Canvas Store", "", "662 Sabino Padilla St. Binondo Manila", "242-0060/242-0063/243-6101", "huaseng1988@yahoo.com.ph", "http://www.facebook.com/pages/HUA-SENG-canvas-STORE/", "", "Accepted", NULL, NULL, NOW(), NOW(), 4, "Diane Gayas");
INSERT INTO supplier VALUES(NULL, "Fabrimetrics Phils, Inc.", "Fabrimetrics Phils, Inc.", "1 Candido St. San Agustin, Village, Talipapa Quezon City", "930-2757/935-2076/703-4219", "pbanez@fabphils.com/boyet_mina@fabphils.com", "http://www.facebook.com/fabphils", "", "Accepted", NULL, NULL, NOW(), NOW(), 4, "Jean Maglalang");
INSERT INTO supplier VALUES(NULL, "Triplex Tents", "Triplex Tents", "27 Gilmore St. Corner 6th St. New Manila Quezon City", "721-5568/695-3271", "wsotriplex@yahoo.com", "http://www.facebook.com/triplex", "", "Accepted", NULL, NULL, NOW(), NOW(), 4, "Wilfred So");
INSERT INTO supplier VALUES(NULL, "The Tent City Rentals and Sales Services Corp.", "The Tent City Rentals and Sales Services Corp.", "#40 San Buenaventura St.,Bagong Ilog,Pasig City", "671-0290/671-0545", "info@thetentcityph.com", "http://www.facebook.com/TheTentCity/", "", "Accepted", NULL, NULL, NOW(), NOW(), 4, "Mia Espino");
INSERT INTO supplier VALUES(NULL, "24K Rent Tents", "", "112 Panay Avenue Quezon City", "496-5214/372-0356", "24krent@gmail.com", "http://www.facebook.com/24krent.weebly.com", "", "Accepted", NULL, NULL, NOW(), NOW(), 4, "");
INSERT INTO supplier VALUES(NULL, "AB Tent Rental", "", "Tandang Sora Quezon City", "454-4485", "jma_myx@yahoo.com", "", "", "Accepted", NULL, NULL, NOW(), NOW(), 4, "");
INSERT INTO supplier VALUES(NULL, "B.A.B Enterprises", "", "199 B.E Rodriguez St. San Juan City", "723-3610/907-2311", "inquiry@artisantents.com", "https://www.facebook.com/babenterprises/", "", "Accepted", NULL, NULL, NOW(), NOW(), 4, "");
INSERT INTO supplier VALUES(NULL, "Solar Tent", "", "3430 Mag. Villamor St. Bacood, Sta. Mesa Manila", "714-6322/714-6220", "inquiries@filconnewline.com/filconewline@yahoo.com", "http://www.facebook.com/Filipinas-Consolidated-Sales-Inc/", "", "Accepted", NULL, NULL, NOW(), NOW(), 4, "");
INSERT INTO supplier VALUES(NULL, "AMPC", "AMPC", "Gonzaga Admu", "Loc. 5108", "", "https://www.facebook.com/AteneoDeManilaMultipurposeCooperative/", "", "Accepted", NULL, NULL, NOW(), NOW(), 5, "Chris/Ruth");
INSERT INTO supplier VALUES(NULL, "Blue & Gold Catering Services", "Blue & Gold Catering Services", "Gonzaga Admu", "Loc. 5127", "onatolentino@yahoo.com", "https://www.facebook.com/pg/BlueAndGoldAteneo/", "", "Accepted", NULL, NULL, NOW(), NOW(), 5, "Rowena/Malou");
INSERT INTO supplier VALUES(NULL, "Chiarra Food Services", "Chiarra Food Services (Aling Selya)", "Ateneo Employee Housing Barangka Manila", "933-5619", "", "", "", "Accepted", NULL, NULL, NOW(), NOW(), 5, "Chiarra Biag");
INSERT INTO supplier VALUES(NULL, "CM Samson Food Services & Catering", "", "5 J. Abad Santos St., San Roque, Marikina City, Metro Manila", "(632) 933-0385, 645-3608", "cmsamsonfoodservices_catering@yahoo.co", "https://www.facebook.com/cmsamsonfoodservicescatering/", "", "Accepted", NULL, NULL, NOW(), NOW(), 5, "");
INSERT INTO supplier VALUES(NULL, "Cora's Food & Catering Services", "Cora's Food & Catering Services", "Sin Center, Loyola School of Theologyls, Ateneo de Manila", "726-5485/426-6430", "", "", "", "Accepted", NULL, NULL, NOW(), NOW(), 5, "Cora");
INSERT INTO supplier VALUES(NULL, "Johnmel Catering Services", "Johnmel Catering Services", "31-A 29 De Agosto St, Salapan San Juan ", "5035141/426-6430", "johnmelcatering@gmail.com", "https://www.facebook.com/jcsmanila/", "", "Accepted", NULL, NULL, NOW(), NOW(), 5, "");
INSERT INTO supplier VALUES(NULL, "La Comida", "La Comida Food Services, Corp.", "Loyola Heights, Quezon City", "426-5376", "LaComidaFood@yahoo.com", "https://www.facebook.com/lacomida/", "", "Accepted", NULL, NULL, NOW(), NOW(), 5, "Nena Feliciano");
INSERT INTO supplier VALUES(NULL, "Lemon Grass Food Services, Inc.", "Lemon Grass Food Services, Inc.", "#19 Carmel Avenue Carmel Subdivision Project 6 Quezon City", "426-9171", "inquiry@lemongrass.com", "https://www.facebook.com/Lemongrass-Food-Services-Inc-842043249250166/", "", "Accepted", NULL, NULL, NOW(), NOW(), 5, "Miguel Mariano");
INSERT INTO supplier VALUES(NULL, "Mafsi, Inc.", "Mafsi, Inc.", "29 Pine St. West Fairview Quezon City", "939-3970", "mafsi28@yahoo.com", "https://www.facebook.com/MAFSI-INC-142137145854061/", "", "Accepted", NULL, NULL, NOW(), NOW(), 5, "");
INSERT INTO supplier VALUES(NULL, "Sweet Treat Catering & Food Services", "Red Kahel Enterprises", "96 General Luna St, Gitnang Bayan 1, San MATEO Rizal", "298-0888", "sweettreatcatering@yahoo.com.ph", "https://www.facebook.com/pg/welovesweettreat/", "", "Accepted", NULL, NULL, NOW(), NOW(), 5, "");
INSERT INTO supplier VALUES(NULL, "Sanghaya Catering Services", "", "117 A. Sumulong Highway, Mayamot Antipolo City", "533-5812", "sanghayacatering@yahoo.com", "https://www.facebook.com/pg/sanghaya-catering-services/", "", "Accepted", NULL, NULL, NOW(), NOW(), 5, "");
INSERT INTO supplier VALUES(NULL, "TGS Fastfoods and Catering Services", "", "ISO Complex, Ateneo Campus.Loyola Heights,Quezon City", "4266001 loc.4282/ 4265996", "", "", "", "Accepted", NULL, NULL, NOW(), NOW(), 5, "");
INSERT INTO supplier VALUES(NULL, "Vitug Catering Services", "", "#15 Gonzales St, Loyola Heights Quezon City", "506-4716", "", "", "", "Accepted", NULL, NULL, NOW(), NOW(), 5, "");
INSERT INTO supplier VALUES(NULL, "Wowlu Catering Services Inc.", "", "A. Bonifacio Ave., Greenland Cainta, Rizal 1900", "656-1486", "info@wowlucatering.com", "https://www.facebook.com/wowlucatering/", "", "Accepted", NULL, NULL, NOW(), NOW(), 5, "");
INSERT INTO supplier VALUES(NULL, "Royal Touch Catering Services", "Royal Touch Catering Services", "B2 L2 Topaz St, San Pedro 6 Subd, Tandang Sora, Quezon City", "455-5783/938-5837", "royaltouchcatering@ymail.com", "https://www.facebook.com/royaltouchcatering/", "", "Accepted", NULL, NULL, NOW(), NOW(), 5, "");
INSERT INTO supplier VALUES(NULL, "Hizon's Catering", "", "#22 Renowned Lane Sanville Project 6 Quezon City", "925-0107/925-0103", "info@hizonscatering.com", "", "", "Accepted", NULL, NULL, NOW(), NOW(), 5, "");
INSERT INTO supplier VALUES(NULL, "Golden Govlet", "", "#32 Dela Cruz, Tandang Sora, Quezon City", "455-7273", "goldengovletcatering@yahoo.com", "https://www.facebook.com/goldengovlet/", "", "Accepted", NULL, NULL, NOW(), NOW(), 5, "");
INSERT INTO supplier VALUES(NULL, "GNP Foods and Catering Services", "", "Visayas Ave, Quezon City", "454-7927", "gnpfoods@yahoo.com", "https://www.facebook.com/GNPFOODS/", "", "Accepted", NULL, NULL, NOW(), NOW(), 5, "");
INSERT INTO supplier VALUES(NULL, "Ballesteros Catering Services", "", "50 St. Brgy. Holy Spirit, Commonwealth Ave. Quezon City", "428-5050/533-2759", "ballesteroscateringekslp@ymail.com", "https://www.facebook.com/Ballesteros-Catering-Services/", "", "Accepted", NULL, NULL, NOW(), NOW(), 5, "");
INSERT INTO supplier VALUES(NULL, "Ignacio's Catering Services", "", "10 Malaya St., Malanday,Marikina City", "948-8150/782-6467/347-2229", "ignaciocatering@gmail.com", "https://www.facebook.com/pg/ignaciocatering/", "", "Accepted", NULL, NULL, NOW(), NOW(), 5, "");
INSERT INTO supplier VALUES(NULL, "Martha's Plate Catering", "", "#21 1.Senga St.Calumpang,Marikina City", "645-1047/(0917)996-9817", "marthas.plate@yahoo.com", "https://www.facebook.com/Martha's-Plate-Catering-Services/", "", "Accepted", NULL, NULL, NOW(), NOW(), 5, "");
INSERT INTO supplier VALUES(NULL, "MCS Garden", "", "#284 Gen. Ordonez St., Marikina Heights Marikina City", "941-0545/997-6857", "laislabuffet@yahoo.com", "https://www.facebook.com/MCS-Garden-Resort/", "", "Accepted", NULL, NULL, NOW(), NOW(), 5, "");
INSERT INTO supplier VALUES(NULL, "55 Events Place, Inc.", "", "No. 55 Scout Rallos St. Quezon City", "371-4435", "fiftyfiveeventsplace@yahoo.com", "https://www.facebook.com/pages/55-Event-Place-Scout-Rallos/", "", "Accepted", NULL, NULL, NOW(), NOW(), 5, "");
INSERT INTO supplier VALUES(NULL, "Caravan Travel & Tours Int'l. Inc.", "Caravan Travel & Tours Int'l. Inc.", "3/F SGV II Building,6758 Ayala Avenue,Makati City", "810-2661", "travel@caravan.com.ph", "https://www.facebook.com/CaravanTravelAndToursIntl/", "", "Accepted", NULL, NULL, NOW(), NOW(), 6, "Marlon Campos");
INSERT INTO supplier VALUES(NULL, "Advocate Transport Service, Inc.", "", "4 Hope St. Grace Village Quezon City", "741-9187", "advocate.transport@gmail.com", "https://www.facebook.com/pg/Advocate-Transport-Service", "", "Accepted", NULL, NULL, NOW(), NOW(), 6, "");
INSERT INTO supplier VALUES(NULL, "Bel-Air Bus Charter Corporation", "Bel-Air Charter Corporation", "#2C Sunrise Extension, Tambo, Para単aque City", "853-5555", "inquire@belairbuscharter.com", "https://www.facebook.com/belairbuscharter/", "", "Accepted", NULL, NULL, NOW(), NOW(), 6, "Tina Torda");
INSERT INTO supplier VALUES(NULL, "EMP Travel & Tours", "", "FB Harrison Pasay City", "509-8289", "emp.travelandtours@gmail.com", "https://www.facebook.com/pg/emptravel", "", "Accepted", NULL, NULL, NOW(), NOW(), 6, "");
INSERT INTO supplier VALUES(NULL, "Generation Transport Services,Inc.", "", "704 Edsa Cor New York St. Cubao, QC", "421-1413", "genesistransportinc@gmail.com", "https://www.facebook.com/GenesisTransportInc/", "", "Accepted", NULL, NULL, NOW(), NOW(), 6, "");
INSERT INTO supplier VALUES(NULL, "Gold Line Tours,Inc.", "", "160 L. Pascual St. Baesa Quezon City", "330-5364", "goldlinetours@hotmail.com", "https://www.facebook.com/goldlinetoursinc", "", "Accepted", NULL, NULL, NOW(), NOW(), 6, "");
INSERT INTO supplier VALUES(NULL, "Manly Express, Inc.", "", "28 Yale St., Cubao, Quezon City", "922-2833", "malvin.ching@citi.com", "", "", "Accepted", NULL, NULL, NOW(), NOW(), 6, "");
INSERT INTO supplier VALUES(NULL, "Regcris Marketing Network.Inc.", "", "Lupin Bldg. 2768 Faraday St,Makati City", "819-1160", "", "https://www.facebook.com/RegcrisMN/", "", "Accepted", NULL, NULL, NOW(), NOW(), 6, "");
INSERT INTO supplier VALUES(NULL, "Victory Liner, Inc.", "Victory Liner, Inc.", "713 Rizal Ave Ext, Grace Park Caloocan City", "361-1514/727-4534", "victorylinercharter@yahoo.com", "https://www.facebook.com/victorylinerinc/", "", "Accepted", NULL, NULL, NOW(), NOW(), 6, "Karen Lagsa/Michell Paule");
INSERT INTO supplier VALUES(NULL, "Eastern Metropolitan Bus. Corp.(EMBC)", "", "182 P. Oliveros Ave. Antipolo City", "6972323, 6968028, 6972325", "", "", "", "Accepted", NULL, NULL, NOW(), NOW(), 6, "");
INSERT INTO supplier VALUES(NULL, "Circle Transport", "Circle Transport", "Cubao", "724-9204, 725-7771", "mmlimhap@circletransportcorp.com", "https://www.facebook.com/circletransport/", "", "Accepted", NULL, NULL, NOW(), NOW(), 6, "Mina Limhap");
INSERT INTO supplier VALUES(NULL, "Ka Noel, Ka Odeth, Ka Ricky", "", "Katipunan", "09208257595, 09206100170, 09997654182", "", "", "", "Accepted", NULL, NULL, NOW(), NOW(), 6, "");
INSERT INTO supplier VALUES(NULL, "Merel Transportation Services ", "", "29 Mother Teresa St, De la Costa Homes, Barangka", "0915-6244095", "", "", "", "Accepted", NULL, NULL, NOW(), NOW(), 6, "");
INSERT INTO supplier VALUES(NULL, "Pik-N-Drop Transport Services", "", "Barangka, Marikina", "997-8975", "", "", "", "Accepted", NULL, NULL, NOW(), NOW(), 6, "");
INSERT INTO supplier VALUES(NULL, "K3R Bus Ads, Rentals & Tours", "K3R Integrated Solutions, Inc.", "5/F Pacific Star Bdlg. Sen. Gil Puyat Ave Corner Makati Ave.", "810-8000/843-4343 loc 2779", "info@bus-rentals.com.ph/joneljohn.nonan@k3r.com.ph", "https://www.facebook.com/k3r/", "", "Accepted", NULL, NULL, NOW(), NOW(), 6, "Jonel John Nonan");
INSERT INTO supplier VALUES(NULL, "Silverstar Bus Lines", "", "Araneta Center Bus Terminal, General Araneta Ave, Quezon City", "439-8786", "", "https://www.facebook.com/pages/Silver-Star-Bus-Terminal-Pasay-City/", "", "Accepted", NULL, NULL, NOW(), NOW(), 6, "");
INSERT INTO supplier VALUES(NULL, "Philtranco", "", "Pasay Terminal Central Station, Edsa Corner Apelo Cruz St, 1300 Pasay City", "851-8077 to 78/851-5812/0917-8604418", "philtranco.philippines@gmail.com", "http://www.facebook.com/pg/PhiltrancoOfficial/", "", "Accepted", NULL, NULL, NOW(), NOW(), 6, "");
INSERT INTO supplier VALUES(NULL, "Five Star Bus Company", "Pangasinan Five Star Bus Company", "2240 Aurora Blvd. Malibag,Pasay Metro Manila", "911-7359/421-4716/421-4717/0927-7124349/921-6940", "gm@5starbus.com", "http://www.facebook.com/pg/fivestarbus/", "", "Accepted", NULL, NULL, NOW(), NOW(), 6, "Ana Lei Pantanilla");
INSERT INTO supplier VALUES(NULL, "ARKILA Travel", "", "2/F.P1 Blk. 10 Lot 1,Hon. B.Soliven St. Commonwealth 1121 Quezon City", "998-1387/0929-7949715", "ladiontransport.arkilatravel@yahoo.com.ph", "https://www.facebook.com/pg/ARKILAtravel/", "", "Accepted", NULL, NULL, NOW(), NOW(), 6, "");
INSERT INTO supplier VALUES(NULL, "Audio Bites Lights and Sounds", "Audio Bites Lights and Sounds", "Pembo,Makati City", "216-4519", "audiobiteslightssounds@gmail.com", "https://www.facebook.com/Audiobiteslightsandsounds", "", "Accepted", NULL, NULL, NOW(), NOW(), 7, "Ian Bite");
INSERT INTO supplier VALUES(NULL, "Excel Mobile Equipment Rental Company", "", "57 Fairlane St, Fairview Park Subd, Fairview Quezon City", "935-9529", "", "", "", "Accepted", NULL, NULL, NOW(), NOW(), 7, "");
INSERT INTO supplier VALUES(NULL, "MTM Sounds & Lights Rentals and Installation", "", "INT. MONTELOYOLA ST, LEONGSON,SAN ROQUE, NAVOTAS, MM", "283-4559", "", "", "", "Accepted", NULL, NULL, NOW(), NOW(), 7, "");
INSERT INTO supplier VALUES(NULL, "RAGE LIGHTS & SOUNDS RENTAL", "", "PLAIN VIEW, MANDALUYONG", "534-0178 ; 0919-8473214", "ragepro_michael@yahoo.com.ph", "", "", "Accepted", NULL, NULL, NOW(), NOW(), 7, "");
INSERT INTO supplier VALUES(NULL, "SOUND ASSEMBLY RENTALS", "Sound Assembly Rental", "55 MARYLAND STREET, BRGY PINAGKAISAHAN,CUBAO, QUEZON CITY", "410-5875", "j.dimalanta@yahoo.com.ph", "", "", "Accepted", NULL, NULL, NOW(), NOW(), 7, "Jansen Dimalanta");
INSERT INTO supplier VALUES(NULL, "TUNOG AT LIWANAG SA TEATRO, INC.", "", "20 M.L. QUEZON ST, TUGATOG,MALABON CITY 1474", "287-7988", "voltairedejesus@hotmail.com", "https://www.facebook.com/Tunog-at-Liwanag-Sa-Teatro-Inc-414414925422557/", "", "Accepted", NULL, NULL, NOW(), NOW(), 7, "");
INSERT INTO supplier VALUES(NULL, "VITAN AUDIO LIGHTS & SOUNDS", "", "145 SCOUT DE GUIA ST, BRGY SACRED HEART, KAMUNING, QC", "922-4473", "", "", "", "Accepted", NULL, NULL, NOW(), NOW(), 7, "");
INSERT INTO supplier VALUES(NULL, "RDE Lights & Sounds", "", "#12 Uranus St. Brgy. Bahay Toro Quezon City", "0917-8061144", "reddamien@gmail.com", "https://www.facebook.com/lightsandSoundsRDS/", "", "Accepted", NULL, NULL, NOW(), NOW(), 7, "");
INSERT INTO supplier VALUES(NULL, "Grandpearl Pro Lights and Sounds", "", "B1L10 Maharlika Hills Upper Bnalat, Tandang Sora Quezon City", "0928-2740468", "inquiry@grandpearl.ph", "https://www.facebook.com/grandpearlpro/", "", "Accepted", NULL, NULL, NOW(), NOW(), 7, "");
INSERT INTO supplier VALUES(NULL, "Rental Monsters", "", "Panay Avenue Corner EDSA Quezon City", "515-9017/413-5568", "rentalmonsters@gmail.com", "https://www.facebook.com/pg/rentalmonsters/", "", "Accepted", NULL, NULL, NOW(), NOW(), 7, "");
